<?xml version="1.0" encoding="UTF-8"?>
<!-- Generated by org.testng.reporters.JUnitXMLReporter -->
<testsuite ignored="0" hostname="Anees" failures="2" tests="5" name="Test" time="75.232" errors="0" timestamp="2023-12-20T18:19:58 IST">
  <testcase classname="tests.AboutPageTest" name="Verify_About_landingPage" time="0.048">
    <failure type="java.lang.AssertionError" message="Page title mismatch expected [Google On - Cloud Storage, Automatic Phone Backup, VPN and more] but found [Google One - Cloud Storage, Automatic Phone Backup, VPN and more]">
      <![CDATA[java.lang.AssertionError: Page title mismatch expected [Google On - Cloud Storage, Automatic Phone Backup, VPN and more] but found [Google One - Cloud Storage, Automatic Phone Backup, VPN and more]
at tests.AboutPageTest.Verify_About_landingPage(AboutPageTest.java:49)
at java.base/java.util.ArrayList.forEach(ArrayList.java:1511)
... Removed 30 stack frames]]>
    </failure>
  </testcase> <!-- Verify_About_landingPage -->
  <testcase classname="tests.AboutPageTest" name="Verify_About_MakelifetimeOfMemories_Section" time="21.796"/>
  <testcase classname="tests.PlansPageTest" name="Verify_Plans_landingPage" time="4.111">
    <failure type="java.lang.AssertionError" message="Page title mismatch expected [Plans &amp;amp; Pricing - Google One] but found []">
      <![CDATA[java.lang.AssertionError: Page title mismatch expected [Plans & Pricing - Google One] but found []
at tests.PlansPageTest.Verify_Plans_landingPage(PlansPageTest.java:47)
at java.base/java.util.ArrayList.forEach(ArrayList.java:1511)
... Removed 30 stack frames]]>
    </failure>
  </testcase> <!-- Verify_Plans_landingPage -->
  <testcase classname="tests.PlansPageTest" name="Verify_Plans_ManageYourPlan_Section" time="15.048"/>
  <testcase classname="tests.BenefitsPageTest" name="Verify_Benefits_landingPage" time="0.016"/>
</testsuite> <!-- Test -->
